2022-01-17T07:40:37+00:00 CRITICAL Uncaught Error: Call to undefined function the_get_id() in D:\xampp\htdocs\wordpress\wp-content\themes\shop\slider.php:16
Stack trace:
#0 D:\xampp\htdocs\wordpress\wp-includes\template.php(772): require()
#1 D:\xampp\htdocs\wordpress\wp-includes\template.php(716): load_template('D:\\xampp\\htdocs...', false, Array)
#2 D:\xampp\htdocs\wordpress\wp-includes\general-template.php(204): locate_template(Array, true, false, Array)
#3 D:\xampp\htdocs\wordpress\wp-content\themes\shop\index.php(4): get_template_part('slider')
#4 D:\xampp\htdocs\wordpress\wp-includes\template-loader.php(106): include('D:\\xampp\\htdocs...')
#5 D:\xampp\htdocs\wordpress\wp-blog-header.php(19): require_once('D:\\xampp\\htdocs...')
#6 D:\xampp\htdocs\wordpress\index.php(17): require('D:\\xampp\\htdocs...')
#7 {main}
  thrown in D:\xampp\htdocs\wordpress\wp-content\themes\shop\slider.php on line 16

2022-01-17T07:40:51+00:00 CRITICAL Uncaught Error: Call to undefined function the_get_ID() in D:\xampp\htdocs\wordpress\wp-content\themes\shop\slider.php:16
Stack trace:
#0 D:\xampp\htdocs\wordpress\wp-includes\template.php(772): require()
#1 D:\xampp\htdocs\wordpress\wp-includes\template.php(716): load_template('D:\\xampp\\htdocs...', false, Array)
#2 D:\xampp\htdocs\wordpress\wp-includes\general-template.php(204): locate_template(Array, true, false, Array)
#3 D:\xampp\htdocs\wordpress\wp-content\themes\shop\index.php(4): get_template_part('slider')
#4 D:\xampp\htdocs\wordpress\wp-includes\template-loader.php(106): include('D:\\xampp\\htdocs...')
#5 D:\xampp\htdocs\wordpress\wp-blog-header.php(19): require_once('D:\\xampp\\htdocs...')
#6 D:\xampp\htdocs\wordpress\index.php(17): require('D:\\xampp\\htdocs...')
#7 {main}
  thrown in D:\xampp\htdocs\wordpress\wp-content\themes\shop\slider.php on line 16

